2026-06-09 07:55:00 - Starting GinDhoApplication using Java 25.0.2 with PID 1238855 (/media/ivan/Ultimate/Ivan/script/common/GinDHO/backend/target/classes started by ivan in /media/ivan/Ultimate/Ivan/script/common/GinDHO/backend)
2026-06-09 07:55:00 - Running with Spring Boot v3.2.0, Spring v6.1.1
2026-06-09 07:55:00 - No active profile set, falling back to 1 default profile: "default"
2026-06-09 07:55:03 - Bootstrapping Spring Data JPA repositories in DEFAULT mode.
2026-06-09 07:55:03 - Finished Spring Data repository scanning in 253 ms. Found 41 JPA repository interfaces.
2026-06-09 07:55:06 - Tomcat initialized with port 8000 (http)
2026-06-09 07:55:06 - Starting service [Tomcat]
2026-06-09 07:55:06 - Starting Servlet engine: [Apache Tomcat/10.1.16]
2026-06-09 07:55:06 - Initializing Spring embedded WebApplicationContext
2026-06-09 07:55:06 - Root WebApplicationContext: initialization completed in 5752 ms
2026-06-09 07:55:07 - HHH000204: Processing PersistenceUnitInfo [name: default]
2026-06-09 07:55:07 - HHH000412: Hibernate ORM core version 6.3.1.Final
2026-06-09 07:55:07 - HHH000026: Second-level cache disabled
2026-06-09 07:55:08 - No LoadTimeWeaver setup: ignoring JPA class transformer
2026-06-09 07:55:08 - HikariPool-1 - Starting...
2026-06-09 07:55:09 - HikariPool-1 - Added connection org.postgresql.jdbc.PgConnection@67dc6b48
2026-06-09 07:55:09 - HikariPool-1 - Start completed.
2026-06-09 07:55:10 - HHH90000025: PostgreSQLDialect does not need to be specified explicitly using 'hibernate.dialect' (remove the property setting and it will be selected by default)
2026-06-09 07:55:16 - HHH000489: No JTA platform available (set 'hibernate.transaction.jta.platform' to enable JTA platform integration)
2026-06-09 07:55:17 - Initialized JPA EntityManagerFactory for persistence unit 'default'
2026-06-09 07:55:18 - Hibernate is in classpath; If applicable, HQL parser will be used.
2026-06-09 07:55:21 - Filter 'jwtAuthenticationFilter' configured for use
2026-06-09 07:55:21 - Filter 'dynamicPermissionFilter' configured for use
2026-06-09 07:55:22 - Cannot find template location: classpath:/templates/ (please add some templates, check your Thymeleaf configuration, or set spring.thymeleaf.check-template-location=false)
2026-06-09 07:55:24 - Patterns [/ws/**] in 'stompWebSocketHandlerMapping'
2026-06-09 07:55:25 - spring.jpa.open-in-view is enabled by default. Therefore, database queries may be performed during view rendering. Explicitly configure spring.jpa.open-in-view to disable this warning
2026-06-09 07:55:25 - 
	c.g.c.AdminPermissionsController:
	
2026-06-09 07:55:25 - 
	c.g.c.AdminRoleTemplatesController:
	
2026-06-09 07:55:25 - 
	c.g.c.AdminUserController:
	
2026-06-09 07:55:25 - 
	c.g.c.ApiController:
	
2026-06-09 07:55:25 - 
	c.g.c.AuditLogController:
	
2026-06-09 07:55:25 - 
	c.g.c.AuthAuthoritiesController:
	
2026-06-09 07:55:25 - 
	c.g.c.WebSocketController:
	{[MESSAGE],[/rdv]}: sendRendezVous(RendezVousDto)
2026-06-09 07:55:25 - 
	o.s.b.a.w.s.e.BasicErrorController:
	
2026-06-09 07:55:25 - 160 mappings in 'requestMappingHandlerMapping'
2026-06-09 07:55:25 - Patterns [/webjars/**, /**] in 'resourceHandlerMapping'
2026-06-09 07:55:25 - Will secure any request with [org.springframework.security.web.session.DisableEncodeUrlFilter@7c0fd22d, org.springframework.security.web.context.request.async.WebAsyncManagerIntegrationFilter@314d39f0, org.springframework.security.web.context.SecurityContextHolderFilter@63dee1b7, org.springframework.security.web.header.HeaderWriterFilter@6916566d, org.springframework.web.filter.CorsFilter@b52d046, org.springframework.security.web.authentication.logout.LogoutFilter@7a625e2e, com.gindho.security.JwtAuthenticationFilter@62f0035a, org.springframework.security.web.savedrequest.RequestCacheAwareFilter@6c4fee11, org.springframework.security.web.servletapi.SecurityContextHolderAwareRequestFilter@6ffbae2e, org.springframework.security.web.authentication.AnonymousAuthenticationFilter@67205ec8, org.springframework.security.web.session.SessionManagementFilter@d12009f, org.springframework.security.web.access.ExceptionTranslationFilter@147b7f3c, org.springframework.security.web.access.intercept.AuthorizationFilter@3840b4e6]
2026-06-09 07:55:25 - ControllerAdvice beans: 0 @ModelAttribute, 0 @InitBinder, 1 RequestBodyAdvice, 1 ResponseBodyAdvice
2026-06-09 07:55:25 - ControllerAdvice beans: 1 @ExceptionHandler, 1 ResponseBodyAdvice
2026-06-09 07:55:26 - Tomcat started on port 8000 (http) with context path ''
2026-06-09 07:55:26 - clientOutboundChannel added SubProtocolWebSocketHandler[StompSubProtocolHandler[v10.stomp, v11.stomp, v12.stomp]]
2026-06-09 07:55:26 - clientInboundChannel added WebSocketAnnotationMethodMessageHandler[prefixes=[/app/]]
2026-06-09 07:55:26 - Starting...
2026-06-09 07:55:26 - clientInboundChannel added SimpleBrokerMessageHandler [org.springframework.messaging.simp.broker.DefaultSubscriptionRegistry@7a6cec15]
2026-06-09 07:55:26 - brokerChannel added SimpleBrokerMessageHandler [org.springframework.messaging.simp.broker.DefaultSubscriptionRegistry@7a6cec15]
2026-06-09 07:55:26 - BrokerAvailabilityEvent[available=true, SimpleBrokerMessageHandler [org.springframework.messaging.simp.broker.DefaultSubscriptionRegistry@7a6cec15]]
2026-06-09 07:55:26 - Started.
2026-06-09 07:55:26 - clientInboundChannel added UserDestinationMessageHandler[DefaultUserDestinationResolver[prefix=/user/]]
2026-06-09 07:55:26 - brokerChannel added UserDestinationMessageHandler[DefaultUserDestinationResolver[prefix=/user/]]
2026-06-09 07:55:26 - Started GinDhoApplication in 26.741 seconds (process running for 27.545)
2026-06-09 07:55:26 - clientOutboundChannel removed SubProtocolWebSocketHandler[StompSubProtocolHandler[v10.stomp, v11.stomp, v12.stomp]]
2026-06-09 07:55:26 - clientInboundChannel removed WebSocketAnnotationMethodMessageHandler[prefixes=[/app/]]
2026-06-09 07:55:26 - Stopping...
2026-06-09 07:55:26 - BrokerAvailabilityEvent[available=false, SimpleBrokerMessageHandler [org.springframework.messaging.simp.broker.DefaultSubscriptionRegistry@7a6cec15]]
2026-06-09 07:55:26 - clientInboundChannel removed SimpleBrokerMessageHandler [org.springframework.messaging.simp.broker.DefaultSubscriptionRegistry@7a6cec15]
2026-06-09 07:55:26 - brokerChannel removed SimpleBrokerMessageHandler [org.springframework.messaging.simp.broker.DefaultSubscriptionRegistry@7a6cec15]
2026-06-09 07:55:26 - Stopped.
2026-06-09 07:55:26 - clientInboundChannel removed UserDestinationMessageHandler[DefaultUserDestinationResolver[prefix=/user/]]
2026-06-09 07:55:26 - brokerChannel removed UserDestinationMessageHandler[DefaultUserDestinationResolver[prefix=/user/]]
2026-06-09 07:55:26 - Closing JPA EntityManagerFactory for persistence unit 'default'
2026-06-09 07:55:26 - HikariPool-1 - Shutdown initiated...
2026-06-09 07:55:26 - 

Error starting ApplicationContext. To display the condition evaluation report re-run your application with 'debug' enabled.
2026-06-09 07:55:26 - HikariPool-1 - Shutdown completed.
