[INFO] Scanning for projects...
[INFO] 
[INFO] ---------------------< com.gindho:billing-service >---------------------
[INFO] Building GinDHO BillingService 1.0.0
[INFO]   from pom.xml
[INFO] --------------------------------[ jar ]---------------------------------
[INFO] 
[INFO] >>> spring-boot:3.2.0:run (default-cli) > test-compile @ billing-service >>>
[INFO] 
[INFO] --- resources:3.4.0:resources (default-resources) @ billing-service ---
[INFO] Copying 1 resource from src/main/resources to target/classes
[INFO] 
[INFO] --- compiler:3.12.1:compile (default-compile) @ billing-service ---
[INFO] Nothing to compile - all classes are up to date.
[INFO] 
[INFO] --- resources:3.4.0:testResources (default-testResources) @ billing-service ---
[INFO] skip non existing resourceDirectory /media/ivan/Ultimate/Ivan/script/common/GinDHO/services/billing-service/src/test/resources
[INFO] 
[INFO] --- compiler:3.12.1:testCompile (default-testCompile) @ billing-service ---
[INFO] Recompiling the module because of added or removed source files.
[INFO] Compiling 1 source file with javac [debug release 21] to target/test-classes
WARNING: A terminally deprecated method in sun.misc.Unsafe has been called
WARNING: sun.misc.Unsafe::objectFieldOffset has been called by lombok.permit.Permit
WARNING: Please consider reporting this to the maintainers of class lombok.permit.Permit
WARNING: sun.misc.Unsafe::objectFieldOffset will be removed in a future release
