[INFO] Scanning for projects...
[INFO] 
[INFO] --------------------< com.gindho:identity-service >---------------------
[INFO] Building GinDHO IdentityService 1.0.0
[INFO]   from pom.xml
[INFO] --------------------------------[ jar ]---------------------------------
[INFO] 
[INFO] >>> spring-boot:3.2.0:run (default-cli) > test-compile @ identity-service >>>
[INFO] 
[INFO] --- resources:3.4.0:resources (default-resources) @ identity-service ---
[INFO] Copying 1 resource from src/main/resources to target/classes
[INFO] 
[INFO] --- compiler:3.12.1:compile (default-compile) @ identity-service ---
[INFO] Nothing to compile - all classes are up to date.
[INFO] 
[INFO] --- resources:3.4.0:testResources (default-testResources) @ identity-service ---
[INFO] skip non existing resourceDirectory /media/ivan/Ultimate/Ivan/script/common/GinDHO/services/identity-service/src/test/resources
[INFO] 
[INFO] --- compiler:3.12.1:testCompile (default-testCompile) @ identity-service ---
[INFO] Nothing to compile - all classes are up to date.
[INFO] 
[INFO] <<< spring-boot:3.2.0:run (default-cli) < test-compile @ identity-service <<<
[INFO] 
[INFO] 
[INFO] --- spring-boot:3.2.0:run (default-cli) @ identity-service ---
[INFO] Attaching agents: []

  .   ____          _            __ _ _
 /\\ / ___'_ __ _ _(_)_ __  __ _ \ \ \ \
( ( )\___ | '_ | '_| | '_ \/ _` | \ \ \ \
 \\/  ___)| |_)| | | | | || (_| |  ) ) ) )
  '  |____| .__|_| |_|_| |_\__, | / / / /
 =========|_|==============|___/=/_/_/_/
 :: Spring Boot ::                (v3.2.0)

2026-06-10T13:12:33.405+01:00  INFO 148089 --- [identity-service] [           main] com.gindho.IdentityServiceApplication    : Starting IdentityServiceApplication using Java 25.0.2 with PID 148089 (/media/ivan/Ultimate/Ivan/script/common/GinDHO/services/identity-service/target/classes started by ivan in /media/ivan/Ultimate/Ivan/script/common/GinDHO/services/identity-service)
2026-06-10T13:12:33.433+01:00 DEBUG 148089 --- [identity-service] [           main] com.gindho.IdentityServiceApplication    : Running with Spring Boot v3.2.0, Spring v6.1.1
2026-06-10T13:12:33.438+01:00  INFO 148089 --- [identity-service] [           main] com.gindho.IdentityServiceApplication    : No active profile set, falling back to 1 default profile: "default"
2026-06-10T13:13:02.622+01:00  INFO 148089 --- [identity-service] [           main] .s.d.r.c.RepositoryConfigurationDelegate : Bootstrapping Spring Data JPA repositories in DEFAULT mode.
2026-06-10T13:13:03.368+01:00  INFO 148089 --- [identity-service] [           main] .s.d.r.c.RepositoryConfigurationDelegate : Finished Spring Data repository scanning in 508 ms. Found 0 JPA repository interfaces.
