[INFO] Scanning for projects...
[INFO] 
[INFO] ---------------------< com.gindho:patient-service >---------------------
[INFO] Building GinDHO PatientService 1.0.0
[INFO]   from pom.xml
[INFO] --------------------------------[ jar ]---------------------------------
[INFO] 
[INFO] >>> spring-boot:3.2.0:run (default-cli) > test-compile @ patient-service >>>
[INFO] 
[INFO] --- resources:3.4.0:resources (default-resources) @ patient-service ---
[INFO] Copying 1 resource from src/main/resources to target/classes
[INFO] 
[INFO] --- compiler:3.12.1:compile (default-compile) @ patient-service ---
[INFO] Nothing to compile - all classes are up to date.
[INFO] 
[INFO] --- resources:3.4.0:testResources (default-testResources) @ patient-service ---
[INFO] skip non existing resourceDirectory /media/ivan/Ultimate/Ivan/script/common/GinDHO/services/patient-service/src/test/resources
[INFO] 
[INFO] --- compiler:3.12.1:testCompile (default-testCompile) @ patient-service ---
[INFO] Nothing to compile - all classes are up to date.
[INFO] 
[INFO] <<< spring-boot:3.2.0:run (default-cli) < test-compile @ patient-service <<<
[INFO] 
[INFO] 
[INFO] --- spring-boot:3.2.0:run (default-cli) @ patient-service ---
[INFO] Attaching agents: []

  .   ____          _            __ _ _
 /\\ / ___'_ __ _ _(_)_ __  __ _ \ \ \ \
( ( )\___ | '_ | '_| | '_ \/ _` | \ \ \ \
 \\/  ___)| |_)| | | | | || (_| |  ) ) ) )
  '  |____| .__|_| |_|_| |_\__, | / / / /
 =========|_|==============|___/=/_/_/_/
 :: Spring Boot ::                (v3.2.0)

2026-06-10T13:12:51.441+01:00  INFO 148523 --- [patient-service] [           main] com.gindho.PatientServiceApplication     : Starting PatientServiceApplication using Java 25.0.2 with PID 148523 (/media/ivan/Ultimate/Ivan/script/common/GinDHO/services/patient-service/target/classes started by ivan in /media/ivan/Ultimate/Ivan/script/common/GinDHO/services/patient-service)
2026-06-10T13:12:51.615+01:00 DEBUG 148523 --- [patient-service] [           main] com.gindho.PatientServiceApplication     : Running with Spring Boot v3.2.0, Spring v6.1.1
2026-06-10T13:12:51.616+01:00  INFO 148523 --- [patient-service] [           main] com.gindho.PatientServiceApplication     : No active profile set, falling back to 1 default profile: "default"
